# JRE version: Java(TM) SE Runtime Environment (17.0.1+12) (build 17.0.1+12-LTS-39)
# Java VM: Java HotSpot(TM) 64-Bit Server VM (17.0.1+12-LTS-39, mixed mode, sharing, tiered, compressed oops, compressed class ptrs, g1 gc, windows-amd64)
GC Precious Log:
 CPUs: 4 total, 4 available
 Memory: 12201M
 Large Page Support: Disabled
 NUMA Support: Disabled
 Compressed Oops: Enabled (32-bit)
 Heap Region Size: 1M
 Heap Min Capacity: 8M
 Heap Initial Capacity: 192M
 Heap Max Capacity: 512M
 Pre-touch: Disabled
 Parallel Workers: 4
 Concurrent Workers: 1
 Concurrent Refinement Workers: 4
 Periodic GC: Disabled
Heap:
 garbage-first heap   total 83968K, used 52749K [0x00000000e0000000, 0x0000000100000000)
  region size 1024K, 6 young (6144K), 3 survivors (3072K)
 Metaspace       used 60379K, committed 60800K, reserved 1105920K
  class space    used 8399K, committed 8576K, reserved 1048576K
GC Heap History (20 events):
Event: 14.636 GC heap before
{Heap before GC invocations=16 (full 0):
 garbage-first heap   total 75776K, used 59042K [0x00000000e0000000, 0x0000000100000000)
  region size 1024K, 23 young (23552K), 2 survivors (2048K)
 Metaspace       used 52577K, committed 52992K, reserved 1097728K
  class space    used 7257K, committed 7488K, reserved 1048576K
}
Event: 14.645 GC heap after
{Heap after GC invocations=17 (full 0):
 garbage-first heap   total 75776K, used 39789K [0x00000000e0000000, 0x0000000100000000)
  region size 1024K, 3 young (3072K), 3 survivors (3072K)
 Metaspace       used 52577K, committed 52992K, reserved 1097728K
  class space    used 7257K, committed 7488K, reserved 1048576K
}
Event: 15.621 GC heap before
{Heap before GC invocations=17 (full 0):
 garbage-first heap   total 75776K, used 59245K [0x00000000e0000000, 0x0000000100000000)
  region size 1024K, 22 young (22528K), 3 survivors (3072K)
 Metaspace       used 53133K, committed 53568K, reserved 1097728K
  class space    used 7348K, committed 7552K, reserved 1048576K
}
Event: 15.626 GC heap after
{Heap after GC invocations=18 (full 0):
 garbage-first heap   total 75776K, used 41321K [0x00000000e0000000, 0x0000000100000000)
  region size 1024K, 2 young (2048K), 2 survivors (2048K)
 Metaspace       used 53133K, committed 53568K, reserved 1097728K
  class space    used 7348K, committed 7552K, reserved 1048576K
}
Event: 16.154 GC heap before
{Heap before GC invocations=19 (full 0):
 garbage-first heap   total 76800K, used 59753K [0x00000000e0000000, 0x0000000100000000)
  region size 1024K, 20 young (20480K), 2 survivors (2048K)
 Metaspace       used 53539K, committed 53952K, reserved 1097728K
  class space    used 7404K, committed 7616K, reserved 1048576K
}
Event: 16.161 GC heap after
{Heap after GC invocations=20 (full 0):
 garbage-first heap   total 76800K, used 42505K [0x00000000e0000000, 0x0000000100000000)
  region size 1024K, 3 young (3072K), 3 survivors (3072K)
 Metaspace       used 53539K, committed 53952K, reserved 1097728K
  class space    used 7404K, committed 7616K, reserved 1048576K
}
Event: 16.189 GC heap before
{Heap before GC invocations=20 (full 0):
 garbage-first heap   total 76800K, used 43529K [0x00000000e0000000, 0x0000000100000000)
  region size 1024K, 4 young (4096K), 3 survivors (3072K)
 Metaspace       used 53546K, committed 53952K, reserved 1097728K
  class space    used 7404K, committed 7616K, reserved 1048576K
}
Event: 16.194 GC heap after
{Heap after GC invocations=21 (full 0):
 garbage-first heap   total 76800K, used 42866K [0x00000000e0000000, 0x0000000100000000)
  region size 1024K, 1 young (1024K), 1 survivors (1024K)
 Metaspace       used 53546K, committed 53952K, reserved 1097728K
  class space    used 7404K, committed 7616K, reserved 1048576K
}
Event: 16.814 GC heap before
{Heap before GC invocations=21 (full 0):
 garbage-first heap   total 76800K, used 62322K [0x00000000e0000000, 0x0000000100000000)
  region size 1024K, 20 young (20480K), 1 survivors (1024K)
 Metaspace       used 54507K, committed 54912K, reserved 1097728K
  class space    used 7535K, committed 7744K, reserved 1048576K
}
Event: 16.818 GC heap after
{Heap after GC invocations=22 (full 0):
 garbage-first heap   total 76800K, used 44137K [0x00000000e0000000, 0x0000000100000000)
  region size 1024K, 2 young (2048K), 2 survivors (2048K)
 Metaspace       used 54507K, committed 54912K, reserved 1097728K
  class space    used 7535K, committed 7744K, reserved 1048576K
}
Event: 17.643 GC heap before
{Heap before GC invocations=23 (full 0):
 garbage-first heap   total 78848K, used 62569K [0x00000000e0000000, 0x0000000100000000)
  region size 1024K, 20 young (20480K), 2 survivors (2048K)
 Metaspace       used 55476K, committed 55872K, reserved 1097728K
  class space    used 7676K, committed 7872K, reserved 1048576K
}
Event: 17.653 GC heap after
{Heap after GC invocations=24 (full 0):
 garbage-first heap   total 78848K, used 45737K [0x00000000e0000000, 0x0000000100000000)
  region size 1024K, 2 young (2048K), 2 survivors (2048K)
 Metaspace       used 55476K, committed 55872K, reserved 1097728K
  class space    used 7676K, committed 7872K, reserved 1048576K
}
Event: 17.704 GC heap before
{Heap before GC invocations=24 (full 0):
 garbage-first heap   total 78848K, used 45737K [0x00000000e0000000, 0x0000000100000000)
  region size 1024K, 3 young (3072K), 2 survivors (2048K)
 Metaspace       used 55657K, committed 56128K, reserved 1097728K
  class space    used 7703K, committed 7936K, reserved 1048576K
}
Event: 17.710 GC heap after
{Heap after GC invocations=25 (full 0):
 garbage-first heap   total 78848K, used 45356K [0x00000000e0000000, 0x0000000100000000)
  region size 1024K, 1 young (1024K), 1 survivors (1024K)
 Metaspace       used 55657K, committed 56128K, reserved 1097728K
  class space    used 7703K, committed 7936K, reserved 1048576K
}
Event: 18.631 GC heap before
{Heap before GC invocations=25 (full 0):
 garbage-first heap   total 78848K, used 63788K [0x00000000e0000000, 0x0000000100000000)
  region size 1024K, 19 young (19456K), 1 survivors (1024K)
 Metaspace       used 56504K, committed 57024K, reserved 1105920K
  class space    used 7838K, committed 8064K, reserved 1048576K
}
Event: 18.635 GC heap after
{Heap after GC invocations=26 (full 0):
 garbage-first heap   total 78848K, used 47038K [0x00000000e0000000, 0x0000000100000000)
  region size 1024K, 2 young (2048K), 2 survivors (2048K)
 Metaspace       used 56504K, committed 57024K, reserved 1105920K
  class space    used 7838K, committed 8064K, reserved 1048576K
}
Event: 19.228 GC heap before
{Heap before GC invocations=27 (full 0):
 garbage-first heap   total 83968K, used 63422K [0x00000000e0000000, 0x0000000100000000)
  region size 1024K, 18 young (18432K), 2 survivors (2048K)
 Metaspace       used 56910K, committed 57408K, reserved 1105920K
  class space    used 7903K, committed 8128K, reserved 1048576K
}
Event: 19.234 GC heap after
{Heap after GC invocations=28 (full 0):
 garbage-first heap   total 83968K, used 48587K [0x00000000e0000000, 0x0000000100000000)
  region size 1024K, 2 young (2048K), 2 survivors (2048K)
 Metaspace       used 56910K, committed 57408K, reserved 1105920K
  class space    used 7903K, committed 8128K, reserved 1048576K
}
Event: 20.022 GC heap before
{Heap before GC invocations=28 (full 0):
 garbage-first heap   total 83968K, used 69067K [0x00000000e0000000, 0x0000000100000000)
  region size 1024K, 22 young (22528K), 2 survivors (2048K)
 Metaspace       used 59835K, committed 60224K, reserved 1105920K
  class space    used 8327K, committed 8512K, reserved 1048576K
}
Event: 20.029 GC heap after
{Heap after GC invocations=29 (full 0):
 garbage-first heap   total 83968K, used 50701K [0x00000000e0000000, 0x0000000100000000)
  region size 1024K, 3 young (3072K), 3 survivors (3072K)
 Metaspace       used 59835K, committed 60224K, reserved 1105920K
  class space    used 8327K, committed 8512K, reserved 1048576K
}

