# JRE version: Java(TM) SE Runtime Environment (17.0.1+12) (build 17.0.1+12-LTS-39)
# Java VM: Java HotSpot(TM) 64-Bit Server VM (17.0.1+12-LTS-39, mixed mode, sharing, tiered, compressed oops, compressed class ptrs, g1 gc, windows-amd64)
GC Precious Log:
 CPUs: 4 total, 4 available
 Memory: 12201M
 Large Page Support: Disabled
 NUMA Support: Disabled
 Compressed Oops: Enabled (32-bit)
 Heap Region Size: 1M
 Heap Min Capacity: 8M
 Heap Initial Capacity: 192M
 Heap Max Capacity: 512M
 Pre-touch: Disabled
 Parallel Workers: 4
 Concurrent Workers: 1
 Concurrent Refinement Workers: 4
 Periodic GC: Disabled
Heap:
 garbage-first heap   total 80896K, used 48890K [0x00000000e0000000, 0x0000000100000000)
  region size 1024K, 9 young (9216K), 3 survivors (3072K)
 Metaspace       used 54554K, committed 54976K, reserved 1097728K
  class space    used 7543K, committed 7744K, reserved 1048576K
GC Heap History (20 events):
Event: 7.366 GC heap before
{Heap before GC invocations=7 (full 0):
 garbage-first heap   total 78848K, used 55096K [0x00000000e0000000, 0x0000000100000000)
  region size 1024K, 36 young (36864K), 3 survivors (3072K)
 Metaspace       used 29416K, committed 29696K, reserved 1081344K
  class space    used 3907K, committed 4032K, reserved 1048576K
}
Event: 7.373 GC heap after
{Heap after GC invocations=8 (full 0):
 garbage-first heap   total 78848K, used 23141K [0x00000000e0000000, 0x0000000100000000)
  region size 1024K, 4 young (4096K), 4 survivors (4096K)
 Metaspace       used 29416K, committed 29696K, reserved 1081344K
  class space    used 3907K, committed 4032K, reserved 1048576K
}
Event: 8.647 GC heap before
{Heap before GC invocations=8 (full 0):
 garbage-first heap   total 78848K, used 57957K [0x00000000e0000000, 0x0000000100000000)
  region size 1024K, 38 young (38912K), 4 survivors (4096K)
 Metaspace       used 33865K, committed 34240K, reserved 1081344K
  class space    used 4607K, committed 4800K, reserved 1048576K
}
Event: 8.655 GC heap after
{Heap after GC invocations=9 (full 0):
 garbage-first heap   total 78848K, used 25226K [0x00000000e0000000, 0x0000000100000000)
  region size 1024K, 4 young (4096K), 4 survivors (4096K)
 Metaspace       used 33865K, committed 34240K, reserved 1081344K
  class space    used 4607K, committed 4800K, reserved 1048576K
}
Event: 9.852 GC heap before
{Heap before GC invocations=9 (full 0):
 garbage-first heap   total 78848K, used 52874K [0x00000000e0000000, 0x0000000100000000)
  region size 1024K, 32 young (32768K), 4 survivors (4096K)
 Metaspace       used 36110K, committed 36416K, reserved 1081344K
  class space    used 4960K, committed 5120K, reserved 1048576K
}
Event: 9.861 GC heap after
{Heap after GC invocations=10 (full 0):
 garbage-first heap   total 78848K, used 27890K [0x00000000e0000000, 0x0000000100000000)
  region size 1024K, 5 young (5120K), 5 survivors (5120K)
 Metaspace       used 36110K, committed 36416K, reserved 1081344K
  class space    used 4960K, committed 5120K, reserved 1048576K
}
Event: 11.541 GC heap before
{Heap before GC invocations=11 (full 0):
 garbage-first heap   total 78848K, used 59634K [0x00000000e0000000, 0x0000000100000000)
  region size 1024K, 36 young (36864K), 5 survivors (5120K)
 Metaspace       used 41535K, committed 41920K, reserved 1089536K
  class space    used 5761K, committed 5952K, reserved 1048576K
}
Event: 11.555 GC heap after
{Heap after GC invocations=12 (full 0):
 garbage-first heap   total 78848K, used 30397K [0x00000000e0000000, 0x0000000100000000)
  region size 1024K, 3 young (3072K), 3 survivors (3072K)
 Metaspace       used 41535K, committed 41920K, reserved 1089536K
  class space    used 5761K, committed 5952K, reserved 1048576K
}
Event: 12.746 GC heap before
{Heap before GC invocations=12 (full 0):
 garbage-first heap   total 78848K, used 60093K [0x00000000e0000000, 0x0000000100000000)
  region size 1024K, 32 young (32768K), 3 survivors (3072K)
 Metaspace       used 45631K, committed 46016K, reserved 1089536K
  class space    used 6384K, committed 6528K, reserved 1048576K
}
Event: 12.761 GC heap after
{Heap after GC invocations=13 (full 0):
 garbage-first heap   total 78848K, used 33734K [0x00000000e0000000, 0x0000000100000000)
  region size 1024K, 4 young (4096K), 4 survivors (4096K)
 Metaspace       used 45631K, committed 46016K, reserved 1089536K
  class space    used 6384K, committed 6528K, reserved 1048576K
}
Event: 13.651 GC heap before
{Heap before GC invocations=13 (full 0):
 garbage-first heap   total 78848K, used 60358K [0x00000000e0000000, 0x0000000100000000)
  region size 1024K, 30 young (30720K), 4 survivors (4096K)
 Metaspace       used 47973K, committed 48448K, reserved 1097728K
  class space    used 6683K, committed 6912K, reserved 1048576K
}
Event: 13.659 GC heap after
{Heap after GC invocations=14 (full 0):
 garbage-first heap   total 78848K, used 36548K [0x00000000e0000000, 0x0000000100000000)
  region size 1024K, 3 young (3072K), 3 survivors (3072K)
 Metaspace       used 47973K, committed 48448K, reserved 1097728K
  class space    used 6683K, committed 6912K, reserved 1048576K
}
Event: 14.595 GC heap before
{Heap before GC invocations=14 (full 0):
 garbage-first heap   total 78848K, used 61124K [0x00000000e0000000, 0x0000000100000000)
  region size 1024K, 27 young (27648K), 3 survivors (3072K)
 Metaspace       used 52171K, committed 52672K, reserved 1097728K
  class space    used 7183K, committed 7424K, reserved 1048576K
}
Event: 14.602 GC heap after
{Heap after GC invocations=15 (full 0):
 garbage-first heap   total 78848K, used 38934K [0x00000000e0000000, 0x0000000100000000)
  region size 1024K, 3 young (3072K), 3 survivors (3072K)
 Metaspace       used 52171K, committed 52672K, reserved 1097728K
  class space    used 7183K, committed 7424K, reserved 1048576K
}
Event: 15.480 GC heap before
{Heap before GC invocations=15 (full 0):
 garbage-first heap   total 78848K, used 61462K [0x00000000e0000000, 0x0000000100000000)
  region size 1024K, 25 young (25600K), 3 survivors (3072K)
 Metaspace       used 52878K, committed 53312K, reserved 1097728K
  class space    used 7289K, committed 7488K, reserved 1048576K
}
Event: 15.489 GC heap after
{Heap after GC invocations=16 (full 0):
 garbage-first heap   total 78848K, used 40603K [0x00000000e0000000, 0x0000000100000000)
  region size 1024K, 2 young (2048K), 2 survivors (2048K)
 Metaspace       used 52878K, committed 53312K, reserved 1097728K
  class space    used 7289K, committed 7488K, reserved 1048576K
}
Event: 16.103 GC heap before
{Heap before GC invocations=17 (full 0):
 garbage-first heap   total 78848K, used 62107K [0x00000000e0000000, 0x0000000100000000)
  region size 1024K, 23 young (23552K), 2 survivors (2048K)
 Metaspace       used 53332K, committed 53760K, reserved 1097728K
  class space    used 7382K, committed 7616K, reserved 1048576K
}
Event: 16.108 GC heap after
{Heap after GC invocations=18 (full 0):
 garbage-first heap   total 78848K, used 41996K [0x00000000e0000000, 0x0000000100000000)
  region size 1024K, 2 young (2048K), 2 survivors (2048K)
 Metaspace       used 53332K, committed 53760K, reserved 1097728K
  class space    used 7382K, committed 7616K, reserved 1048576K
}
Event: 17.081 GC heap before
{Heap before GC invocations=18 (full 0):
 garbage-first heap   total 78848K, used 62476K [0x00000000e0000000, 0x0000000100000000)
  region size 1024K, 22 young (22528K), 2 survivors (2048K)
 Metaspace       used 54286K, committed 54720K, reserved 1097728K
  class space    used 7513K, committed 7744K, reserved 1048576K
}
Event: 17.087 GC heap after
{Heap after GC invocations=19 (full 0):
 garbage-first heap   total 78848K, used 43770K [0x00000000e0000000, 0x0000000100000000)
  region size 1024K, 3 young (3072K), 3 survivors (3072K)
 Metaspace       used 54286K, committed 54720K, reserved 1097728K
  class space    used 7513K, committed 7744K, reserved 1048576K
}

